[07/Jun/2020:20:33:20] (I): WordPress Instance Info:
[07/Jun/2020:20:33:20] (I): Home URL : http://localhost/wordpress
[07/Jun/2020:20:33:20] (I): Site URL : http://localhost/wordpress
[07/Jun/2020:20:33:20] (I): WordPress Version : 5.4.1
[07/Jun/2020:20:33:20] (I): Onboarding Version : 1.0.1
[07/Jun/2020:20:33:20] (I): Multisite : No
[07/Jun/2020:20:33:20] (I): Server Info : Apache/2.4.43 (Win64) OpenSSL/1.1.1g PHP/7.4.5
[07/Jun/2020:20:33:20] (I): PHP Version : 7.4.5
[07/Jun/2020:20:33:20] (I): HTTPS : No
[07/Jun/2020:20:33:20] (I): PHP Max Execution Time : 120
[07/Jun/2020:20:33:20] (I): PHP Max Input Vars : 1000
[07/Jun/2020:20:33:20] (I): Max Upload Size : 41943040
[07/Jun/2020:20:33:20] (I): Plugins:
[07/Jun/2020:20:33:20] (I): [PLUGIN] Gutenberg Blocks and Template Library by Otter : v1.5.4 (ThemeIsle)
[07/Jun/2020:20:33:20] (I): [PLUGIN] Orbit Fox Companion : v2.9.9 (Themeisle)
[07/Jun/2020:20:33:20] (I): [PLUGIN] WPForms Lite : v1.6.0.2 (WPForms)
[07/Jun/2020:20:33:20] (P): Saving remote XML
[07/Jun/2020:20:33:21] (S): Saved remote XML at path C:\xampp\htdocs\wordpress/wp-content/uploads/themeisle-demo-import.xml.
[07/Jun/2020:20:33:21] (P): Starting content import...
[07/Jun/2020:20:33:21] (S): Import started.
[07/Jun/2020:20:33:21] (S): Parsing XML file.
[07/Jun/2020:20:33:21] (P): Starting parsing file:C:\xampp\htdocs\wordpress/wp-content/uploads/themeisle-demo-import.xml
[07/Jun/2020:20:33:21] (P): Using WXR_Parser_SimpleXML...
[07/Jun/2020:20:33:21] (S): Parsed XML
[07/Jun/2020:20:33:21] (P): Processing categories...
[07/Jun/2020:20:33:21] (S): Processed categories.
[07/Jun/2020:20:33:21] (P): Processing tags...
[07/Jun/2020:20:33:21] (S): No tags to process.
[07/Jun/2020:20:33:21] (P): Processing terms...
[07/Jun/2020:20:33:21] (S): Processed terms.
[07/Jun/2020:20:33:21] (P): Processing posts...
[07/Jun/2020:20:33:21] (P): Inserting custom_css: neve .
[07/Jun/2020:20:33:21] (S): Done inserting custom_css: neve .
[07/Jun/2020:20:33:21] (P): Processing attachment: https://s33834.pcdn.co/freelancer-gb/wp-content/uploads/sites/469/2019/09/neve-freelancer-01.jpg...
[07/Jun/2020:20:33:21] (P): Fetching attachment from url: https://s33834.pcdn.co/freelancer-gb/wp-content/uploads/sites/469/2019/09/neve-freelancer-01.jpg...
[07/Jun/2020:20:33:22] (S): Fetched remote attachment.
[07/Jun/2020:20:33:22] (P): Inserting attachment...
[07/Jun/2020:20:33:22] (S): Attachment inserted
[07/Jun/2020:20:33:22] (S): Processed attachment.
[07/Jun/2020:20:33:22] (P): Processing attachment: https://s33834.pcdn.co/freelancer-gb/wp-content/uploads/sites/469/2019/09/neve-freelancer-03.jpg...
[07/Jun/2020:20:33:22] (P): Fetching attachment from url: https://s33834.pcdn.co/freelancer-gb/wp-content/uploads/sites/469/2019/09/neve-freelancer-03.jpg...
[07/Jun/2020:20:33:23] (S): Fetched remote attachment.
[07/Jun/2020:20:33:23] (P): Inserting attachment...
[07/Jun/2020:20:33:23] (S): Attachment inserted
[07/Jun/2020:20:33:23] (S): Processed attachment.
[07/Jun/2020:20:33:23] (P): Processing attachment: https://s33834.pcdn.co/freelancer-gb/wp-content/uploads/sites/469/2019/09/neve-freelancer-05.jpg...
[07/Jun/2020:20:33:23] (P): Fetching attachment from url: https://s33834.pcdn.co/freelancer-gb/wp-content/uploads/sites/469/2019/09/neve-freelancer-05.jpg...
[07/Jun/2020:20:33:25] (S): Fetched remote attachment.
[07/Jun/2020:20:33:25] (P): Inserting attachment...
[07/Jun/2020:20:33:25] (S): Attachment inserted
[07/Jun/2020:20:33:25] (S): Processed attachment.
[07/Jun/2020:20:33:25] (P): Processing attachment: https://s33834.pcdn.co/freelancer-gb/wp-content/uploads/sites/469/2019/09/neve-freelancer-06.jpg...
[07/Jun/2020:20:33:25] (P): Fetching attachment from url: https://s33834.pcdn.co/freelancer-gb/wp-content/uploads/sites/469/2019/09/neve-freelancer-06.jpg...
[07/Jun/2020:20:33:26] (S): Fetched remote attachment.
[07/Jun/2020:20:33:26] (P): Inserting attachment...
[07/Jun/2020:20:33:26] (S): Attachment inserted
[07/Jun/2020:20:33:26] (S): Processed attachment.
[07/Jun/2020:20:33:26] (P): Processing attachment: https://s33834.pcdn.co/freelancer-gb/wp-content/uploads/sites/469/2019/09/neve-freelancer-08.jpg...
[07/Jun/2020:20:33:26] (P): Fetching attachment from url: https://s33834.pcdn.co/freelancer-gb/wp-content/uploads/sites/469/2019/09/neve-freelancer-08.jpg...
[07/Jun/2020:20:33:27] (S): Fetched remote attachment.
[07/Jun/2020:20:33:27] (P): Inserting attachment...
[07/Jun/2020:20:33:27] (S): Attachment inserted
[07/Jun/2020:20:33:27] (S): Processed attachment.
[07/Jun/2020:20:33:27] (P): Processing attachment: https://s33834.pcdn.co/freelancer-gb/wp-content/uploads/sites/469/2019/09/neve-freelancer-12.jpg...
[07/Jun/2020:20:33:27] (P): Fetching attachment from url: https://s33834.pcdn.co/freelancer-gb/wp-content/uploads/sites/469/2019/09/neve-freelancer-12.jpg...
[07/Jun/2020:20:33:28] (S): Fetched remote attachment.
[07/Jun/2020:20:33:28] (P): Inserting attachment...
[07/Jun/2020:20:33:28] (S): Attachment inserted
[07/Jun/2020:20:33:28] (S): Processed attachment.
[07/Jun/2020:20:33:28] (P): Processing attachment: https://s33834.pcdn.co/freelancer-gb/wp-content/uploads/sites/469/2019/09/neve-freelancer-13.jpg...
[07/Jun/2020:20:33:28] (P): Fetching attachment from url: https://s33834.pcdn.co/freelancer-gb/wp-content/uploads/sites/469/2019/09/neve-freelancer-13.jpg...
[07/Jun/2020:20:33:29] (S): Fetched remote attachment.
[07/Jun/2020:20:33:29] (P): Inserting attachment...
[07/Jun/2020:20:33:29] (S): Attachment inserted
[07/Jun/2020:20:33:29] (S): Processed attachment.
[07/Jun/2020:20:33:29] (P): Processing attachment: https://s33834.pcdn.co/freelancer-gb/wp-content/uploads/sites/469/2019/09/neve-freelancer-14.jpg...
[07/Jun/2020:20:33:29] (P): Fetching attachment from url: https://s33834.pcdn.co/freelancer-gb/wp-content/uploads/sites/469/2019/09/neve-freelancer-14.jpg...
[07/Jun/2020:20:33:30] (S): Fetched remote attachment.
[07/Jun/2020:20:33:30] (P): Inserting attachment...
[07/Jun/2020:20:33:30] (S): Attachment inserted
[07/Jun/2020:20:33:30] (S): Processed attachment.
[07/Jun/2020:20:33:30] (P): Processing attachment: https://s33834.pcdn.co/freelancer-gb/wp-content/uploads/sites/469/2019/09/neve-freelancer-15.jpg...
[07/Jun/2020:20:33:30] (P): Fetching attachment from url: https://s33834.pcdn.co/freelancer-gb/wp-content/uploads/sites/469/2019/09/neve-freelancer-15.jpg...
[07/Jun/2020:20:33:31] (S): Fetched remote attachment.
[07/Jun/2020:20:33:31] (P): Inserting attachment...
[07/Jun/2020:20:33:31] (S): Attachment inserted
[07/Jun/2020:20:33:31] (S): Processed attachment.
[07/Jun/2020:20:33:31] (P): Processing attachment: https://s33834.pcdn.co/freelancer-gb/wp-content/uploads/sites/469/2019/09/neve-freelancer-logo.png...
[07/Jun/2020:20:33:31] (P): Fetching attachment from url: https://s33834.pcdn.co/freelancer-gb/wp-content/uploads/sites/469/2019/09/neve-freelancer-logo.png...
[07/Jun/2020:20:33:31] (S): Fetched remote attachment.
[07/Jun/2020:20:33:31] (P): Inserting attachment...
[07/Jun/2020:20:33:31] (S): Attachment inserted
[07/Jun/2020:20:33:31] (S): Processed attachment.
[07/Jun/2020:20:33:31] (P): Processing attachment: https://s33834.pcdn.co/freelancer-gb/wp-content/uploads/sites/469/2019/09/neve-freelancer-icon.png...
[07/Jun/2020:20:33:31] (P): Fetching attachment from url: https://s33834.pcdn.co/freelancer-gb/wp-content/uploads/sites/469/2019/09/neve-freelancer-icon.png...
[07/Jun/2020:20:33:32] (S): Fetched remote attachment.
[07/Jun/2020:20:33:32] (P): Inserting attachment...
[07/Jun/2020:20:33:32] (S): Attachment inserted
[07/Jun/2020:20:33:32] (S): Processed attachment.
[07/Jun/2020:20:33:32] (P): Processing attachment: https://s33834.pcdn.co/freelancer-gb/wp-content/uploads/sites/469/2019/09/cropped-neve-freelancer-icon.png...
[07/Jun/2020:20:33:32] (P): Fetching attachment from url: https://s33834.pcdn.co/freelancer-gb/wp-content/uploads/sites/469/2019/09/cropped-neve-freelancer-icon.png...
[07/Jun/2020:20:33:33] (S): Fetched remote attachment.
[07/Jun/2020:20:33:33] (P): Inserting attachment...
[07/Jun/2020:20:33:33] (S): Attachment inserted
[07/Jun/2020:20:33:33] (S): Processed attachment.
[07/Jun/2020:20:33:33] (P): Inserting page: Home .
[07/Jun/2020:20:33:33] (S): Done inserting page: Home .
[07/Jun/2020:20:33:33] (P): Inserting page: About Me .
[07/Jun/2020:20:33:33] (S): Done inserting page: About Me .
[07/Jun/2020:20:33:33] (P): Processing single menu item ' '...
[07/Jun/2020:20:33:33] (S): Processed single menu item.
[07/Jun/2020:20:33:33] (P): Processing single menu item ' '...
[07/Jun/2020:20:33:33] (S): Processed single menu item.
[07/Jun/2020:20:33:33] (P): Inserting page: Portfolio .
[07/Jun/2020:20:33:33] (S): Done inserting page: Portfolio .
[07/Jun/2020:20:33:33] (P): Processing single menu item ' '...
[07/Jun/2020:20:33:33] (S): Processed single menu item.
[07/Jun/2020:20:33:33] (P): Processing single menu item ' '...
[07/Jun/2020:20:33:33] (P): Inserting wp_block: 2 columns .
[07/Jun/2020:20:33:33] (S): Done inserting wp_block: 2 columns .
[07/Jun/2020:20:33:33] (P): Inserting wp_block: Gallery .
[07/Jun/2020:20:33:33] (S): Done inserting wp_block: Gallery .
[07/Jun/2020:20:33:33] (P): Inserting wp_block: Call to action .
[07/Jun/2020:20:33:33] (S): Done inserting wp_block: Call to action .
[07/Jun/2020:20:33:33] (P): Inserting wp_block: Hero .
[07/Jun/2020:20:33:33] (S): Done inserting wp_block: Hero .
[07/Jun/2020:20:33:33] (P): Inserting wp_block: Button .
[07/Jun/2020:20:33:33] (S): Done inserting wp_block: Button .
[07/Jun/2020:20:33:33] (P): Inserting page: Contact .
[07/Jun/2020:20:33:33] (S): Done inserting page: Contact .
[07/Jun/2020:20:33:33] (P): Inserting wp_block: Testimonials .
[07/Jun/2020:20:33:33] (S): Done inserting wp_block: Testimonials .
[07/Jun/2020:20:33:33] (P): Inserting wp_block: Hero 2 .
[07/Jun/2020:20:33:33] (S): Done inserting wp_block: Hero 2 .
[07/Jun/2020:20:33:33] (S): Processed posts.
[07/Jun/2020:20:33:33] (P): Processing single menu item ' '...
[07/Jun/2020:20:33:33] (S): Processed single menu item.
[07/Jun/2020:20:33:33] (P): Cleaning up import with id ...
[07/Jun/2020:20:33:33] (P): Done cleanup. Flushing cache...
[07/Jun/2020:20:33:33] (P): Flushed cache. Removing temporary data..
[07/Jun/2020:20:33:34] (S): Done importing
[07/Jun/2020:20:33:34] (P): Busting elementor cache
[07/Jun/2020:20:33:34] (S): Front page set up with id: 92.
